[2023-03-16 13:55:27,213] multiqc                                            [DEBUG  ]  No MultiQC config found: /home/LAB/lab_glb_2/.conda/envs/guillenv/lib/python2.7/site-packages/multiqc-1.0.dev0-py2.7.egg/multiqc_config.yaml
[2023-03-16 13:55:27,213] multiqc                                            [DEBUG  ]  No MultiQC config found: /home/LAB/lab_glb_2/.multiqc_config.yaml
[2023-03-16 13:55:27,213] multiqc                                            [DEBUG  ]  No MultiQC config found: multiqc_config.yaml
[2023-03-16 13:55:27,213] multiqc                                            [DEBUG  ]  Command used: /home/LAB/lab_glb_2/.conda/envs/guillenv/bin/multiqc .
[2023-03-16 13:55:27,214] multiqc                                            [DEBUG  ]  Could not connect to multiqc.info for version check
[2023-03-16 13:55:27,214] multiqc                                            [INFO   ]  This is MultiQC v1.0.dev0
[2023-03-16 13:55:27,214] multiqc                                            [DEBUG  ]  Command     : /home/LAB/lab_glb_2/.conda/envs/guillenv/bin/multiqc .
[2023-03-16 13:55:27,214] multiqc                                            [DEBUG  ]  Working dir : /home/LAB/lab_glb_2/rnaseq-pipeline/analisisMar2/trimFastQCfiles
[2023-03-16 13:55:27,214] multiqc                                            [INFO   ]  Template    : default
[2023-03-16 13:55:27,215] multiqc                                            [INFO   ]  Searching '.'
[2023-03-16 13:55:27,215] multiqc                                            [DEBUG  ]  Analysing modules: custom_content, peddy, methylQA, qualimap, preseq, quast, rseqc, busco, goleft_indexcov, snpeff, gatk, htseq, bcftools, featureCounts, picard, prokka, samblaster, samtools, bamtools, bismark, hicup, salmon, kallisto, slamdunk, star, tophat, bowtie2, bowtie1, cutadapt, trimmomatic, skewer, fastq_screen, fastqc, clusterflow
[2023-03-16 13:55:27,215] multiqc                                            [DEBUG  ]  Using temporary directory for creating report: /tmp/tmpDnNfB9
[2023-03-16 13:55:27,904] multiqc.modules.custom_content.custom_content      [DEBUG  ]  No custom content found
[2023-03-16 13:55:27,936] multiqc.modules.peddy.peddy                        [DEBUG  ]  Could not find any reports in ('.',)
[2023-03-16 13:55:27,949] multiqc.modules.methylQA.methylQA                  [DEBUG  ]  Could not find any reports in ('.',)
[2023-03-16 13:55:27,956] multiqc.modules.qualimap.QM_BamQC                  [DEBUG  ]  Using default Qualimap thresholds: 1, 5, 10, 30, 50
[2023-03-16 13:55:27,997] multiqc.modules.qualimap.qualimap                  [DEBUG  ]  Could not find any reports in ('.',)
[2023-03-16 13:55:28,274] multiqc.modules.preseq.preseq                      [DEBUG  ]  Could not find any preseq data in ('.',)
[2023-03-16 13:55:28,287] multiqc.modules.quast.quast                        [DEBUG  ]  Could not find any reports in ('.',)
[2023-03-16 13:55:29,262] multiqc.modules.rseqc.rseqc                        [DEBUG  ]  Could not find any reports in ('.',)
[2023-03-16 13:55:29,278] multiqc.modules.busco.busco                        [DEBUG  ]  Could not find any reports in ('.',)
[2023-03-16 13:55:29,297] multiqc.modules.goleft_indexcov.goleft_indexcov    [DEBUG  ]  Did not find goleft indexcov outputs in ('.',)
[2023-03-16 13:55:29,541] multiqc.modules.snpeff.snpeff                      [DEBUG  ]  Could not find any data in ('.',)
[2023-03-16 13:55:29,786] multiqc.modules.gatk.gatk                          [DEBUG  ]  Could not find any reports in ('.',)
[2023-03-16 13:55:30,026] multiqc.modules.htseq.htseq                        [DEBUG  ]  Could not find any reports in ('.',)
[2023-03-16 13:55:30,260] multiqc.modules.bcftools.bcftools                  [DEBUG  ]  Could not find any reports in ('.',)
[2023-03-16 13:55:30,272] multiqc.modules.featureCounts.feature_counts       [DEBUG  ]  Could not find any reports in ('.',)
[2023-03-16 13:55:32,596] multiqc.modules.picard.picard                      [DEBUG  ]  Could not find any reports in ('.',)
[2023-03-16 13:55:32,611] multiqc.modules.prokka.prokka                      [DEBUG  ]  Could not find any Prokka data in ('.',)
[2023-03-16 13:55:32,849] multiqc.modules.samblaster.samblaster              [DEBUG  ]  Could not find any data in ('.',)
[2023-03-16 13:55:33,563] multiqc.modules.samtools.samtools                  [DEBUG  ]  Could not find any reports in ('.',)
[2023-03-16 13:55:33,761] multiqc.modules.bamtools.bamtools                  [DEBUG  ]  Could not find any reports in ('.',)
[2023-03-16 13:55:33,785] multiqc.modules.bismark.bismark                    [DEBUG  ]  Could not find any reports in ('.',)
[2023-03-16 13:55:33,793] multiqc.modules.hicup.hicup                        [DEBUG  ]  Could not find any HiCUP data in ('.',)
[2023-03-16 13:55:33,804] multiqc.modules.salmon.salmon                      [DEBUG  ]  Could not find any Salmon data in ('.',)
[2023-03-16 13:55:33,943] multiqc.modules.kallisto.kallisto                  [DEBUG  ]  Could not find any reports in ('.',)
[2023-03-16 13:55:34,649] multiqc.modules.slamdunk.slamdunk                  [DEBUG  ]  No slamdunk reports found.
[2023-03-16 13:55:34,658] multiqc.modules.star.star                          [DEBUG  ]  Could not find any reports in ('.',)
[2023-03-16 13:55:34,663] multiqc.modules.tophat.tophat                      [DEBUG  ]  Could not find any reports in ('.',)
[2023-03-16 13:55:34,768] multiqc.modules.bowtie2.bowtie2                    [DEBUG  ]  Could not find any reports in ('.',)
[2023-03-16 13:55:34,872] multiqc.modules.bowtie1.bowtie1                    [DEBUG  ]  Could not find any reports in ('.',)
[2023-03-16 13:55:34,977] multiqc.modules.cutadapt.cutadapt                  [DEBUG  ]  Could not find any reports in ('.',)
[2023-03-16 13:55:35,083] multiqc.modules.trimmomatic.trimmomatic            [DEBUG  ]  Could not find any Trimmomatic data in ('.',)
[2023-03-16 13:55:35,186] multiqc.modules.skewer.skewer                      [DEBUG  ]  Could not find any data in ('.',)
[2023-03-16 13:55:35,192] multiqc.modules.fastq_screen.fastq_screen          [DEBUG  ]  Could not find any reports in ('.',)
[2023-03-16 13:55:50,446] multiqc.modules.fastqc.fastqc                      [INFO   ]  Found 32 reports
[2023-03-16 13:55:53,681] multiqc.modules.clusterflow.clusterflow            [DEBUG  ]  Could not find any reports in ('.',)
[2023-03-16 13:55:53,684] multiqc                                            [INFO   ]  Report      : multiqc_report.html
[2023-03-16 13:55:53,707] multiqc                                            [INFO   ]  Data        : multiqc_data
[2023-03-16 13:55:53,707] multiqc                                            [DEBUG  ]  Moving data file from '/tmp/tmpDnNfB9/multiqc_data/multiqc_fastqc.txt' to '/home/LAB/lab_glb_2/rnaseq-pipeline/analisisMar2/trimFastQCfiles/multiqc_data'
[2023-03-16 13:55:53,709] multiqc                                            [DEBUG  ]  Moving data file from '/tmp/tmpDnNfB9/multiqc_data/multiqc_general_stats.txt' to '/home/LAB/lab_glb_2/rnaseq-pipeline/analisisMar2/trimFastQCfiles/multiqc_data'
[2023-03-16 13:55:53,710] multiqc                                            [DEBUG  ]  Moving data file from '/tmp/tmpDnNfB9/multiqc_data/multiqc_sources.txt' to '/home/LAB/lab_glb_2/rnaseq-pipeline/analisisMar2/trimFastQCfiles/multiqc_data'
[2023-03-16 13:55:53,822] multiqc                                            [INFO   ]  MultiQC complete
